1601990062674	geckodriver	INFO	Listening on 127.0.0.1:43919
1601990063700	mozrunner::runner	INFO	Running command: "/usr/bin/firefox" "--marionette" "-foreground" "-no-remote" "-profile" "/tmp/rust_mozprofileYCSLfk"
console.error: SearchCache: "_readCacheFile: Error reading cache file:" (new Error("", "(unknown module)"))
1601990089289	Marionette	INFO	Listening on port 37683
1601990089412	Marionette	WARN	TLS certificate errors will be ignored for this session
1601990097497	Marionette	INFO	Stopped listening on port 37683
1601990115103	geckodriver	INFO	Listening on 127.0.0.1:60865
1601990115161	mozrunner::runner	INFO	Running command: "/usr/bin/firefox" "--marionette" "-foreground" "-no-remote" "-profile" "/tmp/rust_mozprofilem5Srka"
console.error: SearchCache: "_readCacheFile: Error reading cache file:" (new Error("", "(unknown module)"))
1601990131963	Marionette	INFO	Listening on port 42087
1601990132123	Marionette	WARN	TLS certificate errors will be ignored for this session
JavaScript error: https://www.gstatic.com/_/mss/boq-one-google/_/js/k=boq-one-google.OneGoogleWidgetUi.en.kH2qmfY_FkE.es5.O/am=JA/d=1/excm=_b,_tp,appwidgetnoauthview/ed=1/dg=0/wt=2/ct=zgms/rs=AM-SdHv8J8mpHu4hYuYLXM6qBdXSproaNg/m=_b,_tp, line 417: NS_ERROR_NOT_INITIALIZED: 
JavaScript error: https://www.gstatic.com/_/mss/boq-one-google/_/js/k=boq-one-google.OneGoogleWidgetUi.en.kH2qmfY_FkE.es5.O/am=JA/d=1/excm=_b,_tp,appwidgetnoauthview/ed=1/dg=0/wt=2/ct=zgms/rs=AM-SdHv8J8mpHu4hYuYLXM6qBdXSproaNg/m=_b,_tp, line 417: NS_ERROR_NOT_INITIALIZED: 
console.error: "Error while calling actor 'pagestyle's method 'getLayout'" "node is null"
console.error: "getLayout@resource://devtools/server/actors/styles.js:1013:5\nhandler@resource://devtools/shared/protocol/Actor.js:162:37\nonPacket@resource://devtools/server/devtools-server-connection.js:379:58\nreceiveMessage@resource://devtools/shared/transport/child-transport.js:66:16\n"
console.error: (new TypeError("parent is null", "resource://devtools/client/inspector/shared/style-change-tracker.js", 67))
TypeError: parent is null: canMutationImpactCurrentStyles@resource://devtools/client/inspector/shared/style-change-tracker.js:67:24
onMutations@resource://devtools/client/inspector/shared/style-change-tracker.js:84:41
_emit@resource://devtools/shared/event-emitter.js:226:34
emit@resource://devtools/shared/event-emitter.js:172:18
emit@resource://devtools/shared/event-emitter.js:324:18
getMutations@resource://devtools/client/fronts/walker.js:409:10

console.error: (new Error("Protocol error (TypeError): node is null from: server0.conn0.child2/pagestyle26 (resource://devtools/server/actors/styles.js:1013:5)", "resource://devtools/shared/protocol/Front.js", 323))
1601991005154	Marionette	INFO	Stopped listening on port 42087
1601991051778	geckodriver	INFO	Listening on 127.0.0.1:57457
1601991052793	mozrunner::runner	INFO	Running command: "/usr/bin/firefox" "--marionette" "--disable-web-security" "--allow-running-insecure-content" "--enable-automation" "--disable-extensions" "--profile-directory=Default" "--incognito" "--disable-plugins-discovery" "-foreground" "-no-remote" "-profile" "/tmp/rust_mozprofileSwSEWk"
console.error: SearchCache: "_readCacheFile: Error reading cache file:" (new Error("", "(unknown module)"))
1601991074842	Marionette	INFO	Listening on port 35831
1601991074912	Marionette	WARN	TLS certificate errors will be ignored for this session
JavaScript warning: https://accounts.google.com/ServiceLogin?hl=en&passive=true&continue=https://www.google.com/alerts&service=alerts&ec=GAZAbA, line 299: Script terminated by timeout at:
_.Rk@/accounts/static/_/js/k=gaia.gaiafe_glif.en.bUS42DGeDTE.O/am=_40fMPAHRagBB4AAMwgAAAAAAABgAHiA2JcH1WsVWz4M/d=1/ct=zgms/rs=ABkqax1nSBuglH2XC_QJnbT1jp6UwdCmyQ/m=glifb,identifier_view,unknownerror_view:299:302
at@/accounts/static/_/js/k=gaia.gaiafe_glif.en.bUS42DGeDTE.O/am=_40fMPAHRagBB4AAMwgAAAAAAABgAHiA2JcH1WsVWz4M/d=1/ct=zgms/rs=ABkqax1nSBuglH2XC_QJnbT1jp6UwdCmyQ/m=glifb,identifier_view,unknownerror_view:690:191
_.oya@/accounts/static/_/js/k=gaia.gaiafe_glif.en.bUS42DGeDTE.O/am=_40fMPAHRagBB4AAMwgAAAAAAABgAHiA2JcH1WsVWz4M/d=1/ct=zgms/rs=ABkqax1nSBuglH2XC_QJnbT1jp6UwdCmyQ/m=glifb,identifier_view,unknownerror_view:1785:119
Gya@/accounts/static/_/js/k=gaia.gaiafe_glif.en.bUS42DGeDTE.O/am=_40fMPAHRagBB4AAMwgAAAAAAABgAHiA2JcH1WsVWz4M/d=1/ct=zgms/rs=ABkqax1nSBuglH2XC_QJnbT1jp6UwdCmyQ/m=glifb,identifier_view,unknownerror_view:1808:110
_.Y/<@/accounts/static/_/js/k=gaia.gaiafe_glif.en.bUS42DGeDTE.O/am=_40fMPAHRagBB4AAMwgAAAAAAABgAHiA2JcH1WsVWz4M/d=1/ct=zgms/rs=ABkqax1nSBuglH2XC_QJnbT1jp6UwdCmyQ/m=glifb,identifier_view,unknownerror_view:1806:342
QLa/<@/accounts/static/_/js/k=gaia.gaiafe_glif.en.bUS42DGeDTE.O/am=_40fMPAHRagBB4AAMwgAAAAAAABgAHiA2JcH1WsVWz4M/d=1/ct=zgms/rs=ABkqax1nSBuglH2XC_QJnbT1jp6UwdCmyQ/m=glifb,identifier_view,unknownerror_view:2833:330
oga@/accounts/static/_/js/k=gaia.gaiafe_glif.en.bUS42DGeDTE.O/am=_40fMPAHRagBB4AAMwgAAAAAAABgAHiA2JcH1WsVWz4M/d=1/ct=zgms/rs=ABkqax1nSBuglH2XC_QJnbT1jp6UwdCmyQ/m=glifb,identifier_view,unknownerror_view:375:246
_.Pm@/accounts/static/_/js/k=gaia.gaiafe_glif.en.bUS42DGeDTE.O/am=_40fMPAHRagBB4AAMwgAAAAAAABgAHiA2JcH1WsVWz4M/d=1/ct=zgms/rs=ABkqax1nSBuglH2XC_QJnbT1jp6UwdCmyQ/m=glifb,identifier_view,unknownerror_view:373:49
_.Qm@/accounts/static/_/js/k=gaia.gaiafe_glif.en.bUS42DGeDTE.O/am=_40fMPAHRagBB4AAMwgAAAAAAABgAHiA2JcH1WsVWz4M/d=1/ct=zgms/rs=ABkqax1nSBuglH2XC_QJnbT1jp6UwdCmyQ/m=glifb,identifier_view,unknownerror_view:372:260
QLa@/accounts/static/_/js/k=gaia.gaiafe_glif.en.bUS42DGeDTE.O/am=_40fMPAHRagBB4AAMwgAAAAAAABgAHiA2JcH1WsVWz4M/d=1/ct=zgms/rs=ABkqax1nSBuglH2XC_QJnbT1jp6UwdCmyQ/m=glifb,identifier_view,unknownerror_view:2833:306
sM.prototype.Qa@/accounts/static/_/js/k=gaia.gaiafe_glif.en.bUS42DGeDTE.O/am=_40fMPAHRagBB4AAMwgAAAAAAABgAHiA2JcH1WsVWz4M/d=1/ct=zgms/rs=ABkqax1nSBuglH2XC_QJnbT1jp6UwdCmyQ/m=glifb,identifier_view,unknownerror_view:2832:375
c@/accounts/static/_/js/k=gaia.gaiafe_glif.en.bUS42DGeDTE.O/am=_40fMPAHRagBB4AAMwgAAAAAAABgAHiA2JcH1WsVWz4M/d=1/ct=zgms/rs=ABkqax1nSBuglH2XC_QJnbT1jp6UwdCmyQ/m=glifb,identifier_view,unknownerror_view:604:253
JLa.prototype.ha@/accounts/static/_/js/k=gaia.gaiafe_glif.en.bUS42DGeDTE.O/am=_40fMPAHRagBB4AAMwgAAAAAAABgAHiA2JcH1WsVWz4M/d=1/ct=zgms/rs=ABkqax1nSBuglH2XC_QJnbT1jp6UwdCmyQ/m=glifb,identifier_view,unknownerror_view:2825:366
f@/accounts/static/_/js/k=gaia.gaiafe_glif.en.bUS42DGeDTE.O/am=_40fMPAHRagBB4AAMwgAAAAAAABgAHiA2JcH1WsVWz4M/d=1/ct=zgms/rs=ABkqax1nSBuglH2XC_QJnbT1jp6UwdCmyQ/m=glifb,identifier_view,unknownerror_view:2799:161
trigger@/accounts/static/_/js/k=gaia.gaiafe_glif.en.bUS42DGeDTE.O/am=_40fMPAHRagBB4AAMwgAAAAAAABgAHiA2JcH1WsVWz4M/d=1/ct=zgms/rs=ABkqax1nSBuglH2XC_QJnbT1jp6UwdCmyQ/m=glifb,identifier_view,unknownerror_view:2806:134
sM.prototype.Za@/accounts/static/_/js/k=gaia.gaiafe_glif.en.bUS42DGeDTE.O/am=_40fMPAHRagBB4AAMwgAAAAAAABgAHiA2JcH1WsVWz4M/d=1/ct=zgms/rs=ABkqax1nSBuglH2XC_QJnbT1jp6UwdCmyQ/m=glifb,identifier_view,unknownerror_view:2828:436
_.st@/accounts/static/_/js/k=gaia.gaiafe_glif.en.bUS42DGeDTE.O/am=_40fMPAHRagBB4AAMwgAAAAAAABgAHiA2JcH1WsVWz4M/d=1/ct=zgms/rs=ABkqax1nSBuglH2XC_QJnbT1jp6UwdCmyQ/m=glifb,identifier_view,unknownerror_view:716:471
_.h.Za@/accounts/static/_/js/k=gaia.gaiafe_glif.en.bUS42DGeDTE.O/am=_40fMPAHRagBB4AAMwgAAAAAAABgAHiA2JcH1WsVWz4M/d=1/ct=zgms/rs=ABkqax1nSBuglH2XC_QJnbT1jp6UwdCmyQ/m=glifb,identifier_view,unknownerror_view:764:447
_.h.Il@/accounts/static/_/js/k=gaia.gaiafe_glif.en.bUS42DGeDTE.O/am=_40fMPAHRagBB4AAMwgAAAAAAABgAHiA2JcH1WsVWz4M/d=1/ct=zgms/rs=ABkqax1nSBuglH2XC_QJnbT1jp6UwdCmyQ/m=glifb,identifier_view,unknownerror_view:2377:388
XLa/<@/accounts/static/_/js/k=gaia.gaiafe_glif.en.bUS42DGeDTE.O/am=_40fMPAHRagBB4AAMwgAAAAAAABgAHiA2JcH1WsVWz4M/d=1/ct=zgms/rs=ABkqax1nSBuglH2XC_QJnbT1jp6UwdCmyQ/m=glifb,identifier_view,unknownerror_view:2836:74
oga@/accounts/static/_/js/k=gaia.gaiafe_glif.en.bUS42DGeDTE.O/am=_40fMPAHRagBB4AAMwgAAAAAAABgAHiA2JcH1WsVWz4M/d=1/ct=zgms/rs=ABkqax1nSBuglH2XC_QJnbT1jp6UwdCmyQ/m=glifb,identifier_view,unknownerror_view:375:246
_.Pm@/accounts/static/_/js/k=gaia.gaiafe_glif.en.bUS42DGeDTE.O/am=_40fMPAHRagBB4AAMwgAAAAAAABgAHiA2JcH1WsVWz4M/d=1/ct=zgms/rs=ABkqax1nSBuglH2XC_QJnbT1jp6UwdCmyQ/m=glifb,identifier_view,unknownerror_view:373:49
_.Qm@/accounts/static/_/js/k=gaia.gaiafe_glif.en.bUS42DGeDTE.O/am=_40fMPAHRagBB4AAMwgAAAAAAABgAHiA2JcH1WsVWz4M/d=1/ct=zgms/rs=ABkqax1nSBuglH2XC_QJnbT1jp6UwdCmyQ/m=glifb,identifier_view,unknownerror_view:372:260
XLa@/accounts/static/_/js/k=gaia.gaiafe_glif.en.bUS42DGeDTE.O/am=_40fMPAHRagBB4AAMwgAAAAAAABgAHiA2JcH1WsVWz4M/d=1/ct=zgms/rs=ABkqax1nSBuglH2XC_QJnbT1jp6UwdCmyQ/m=glifb,identifier_view,unknownerror_view:2836:50
ULa/<@/accounts/static/_/js/k=gaia.gaiafe_glif.en.bUS42DGeDTE.O/am=_40fMPAHRagBB4AAMwgAAAAAAABgAHiA2JcH1WsVWz4M/d=1/ct=zgms/rs=ABkqax1nSBuglH2XC_QJnbT1jp6UwdCmyQ/m=glifb,identifier_view,unknownerror_view:2835:158
oga@/accounts/static/_/js/k=gaia.gaiafe_glif.en.bUS42DGeDTE.O/am=_40fMPAHRagBB4AAMwgAAAAAAABgAHiA2JcH1WsVWz4M/d=1/ct=zgms/rs=ABkqax1nSBuglH2XC_QJnbT1jp6UwdCmyQ/m=glifb,identifier_view,unknownerror_view:375:246
_.Pm@/accounts/static/_/js/k=gaia.gaiafe_glif.en.bUS42DGeDTE.O/am=_40fMPAHRagBB4AAMwgAAAAAAABgAHiA2JcH1WsVWz4M/d=1/ct=zgms/rs=ABkqax1nSBuglH2XC_QJnbT1jp6UwdCmyQ/m=glifb,identifier_view,unknownerror_view:373:49
_.Qm@/accounts/static/_/js/k=gaia.gaiafe_glif.en.bUS42DGeDTE.O/am=_40fMPAHRagBB4AAMwgAAAAAAABgAHiA2JcH1WsVWz4M/d=1/ct=zgms/rs=ABkqax1nSBuglH2XC_QJnbT1jp6UwdCmyQ/m=glifb,identifier_view,unknownerror_view:372:260
ULa@/accounts/static/_/js/k=gaia.gaiafe_glif.en.bUS42DGeDTE.O/am=_40fMPAHRagBB4AAMwgAAAAAAABgAHiA2JcH1WsVWz4M/d=1/ct=zgms/rs=ABkqax1nSBuglH2XC_QJnbT1jp6UwdCmyQ/m=glifb,identifier_view,unknownerror_view:2835:134
QLa/<@/accounts/static/_/js/k=gaia.gaiafe_glif.en.bUS42DGeDTE.O/am=_40fMPAHRagBB4AAMwgAAAAAAABgAHiA2JcH1WsVWz4M/d=1/ct=zgms/rs=ABkqax1nSBuglH2XC_QJnbT1jp6UwdCmyQ/m=glifb,identifier_view,unknownerror_view:2833:442
oga@/accounts/static/_/js/k=gaia.gaiafe_glif.en.bUS42DGeDTE.O/am=_40fMPAHRagBB4AAMwgAAAAAAABgAHiA2JcH1WsVWz4M/d=1/ct=zgms/rs=ABkqax1nSBuglH2XC_QJnbT1jp6UwdCmyQ/m=glifb,identifier_view,unknownerror_view:375:246
_.Pm@/accounts/static/_/js/k=gaia.gaiafe_glif.en.bUS42DGeDTE.O/am=_40fMPAHRagBB4AAMwgAAAAAAABgAHiA2JcH1WsVWz4M/d=1/ct=zgms/rs=ABkqax1nSBuglH2XC_QJnbT1jp6UwdCmyQ/m=glifb,identifier_view,unknownerror_view:373:49
_.Qm@/accounts/static/_/js/k=gaia.gaiafe_glif.en.bUS42DGeDTE.O/am=_40fMPAHRagBB4AAMwgAAAAAAABgAHiA2JcH1WsVWz4M/d=1/ct=zgms/rs=ABkqax1nSBuglH2XC_QJnbT1jp6UwdCmyQ/m=glifb,identifier_view,unknownerror_view:372:260
QLa@/accounts/static/_/js/k=gaia.gaiafe_glif.en.bUS42DGeDTE.O/am=_40fMPAHRagBB4AAMwgAAAAAAABgAHiA2JcH1WsVWz4M/d=1/ct=zgms/rs=ABkqax1nSBuglH2XC_QJnbT1jp6UwdCmyQ/m=glifb,identifier_view,unknownerror_view:2833:419
sM.prototype.Qa@/accounts/static/_/js/k=gaia.gaiafe_glif.en.bUS42DGeDTE.O/am=_40fMPAHRagBB4AAMwgAAAAAAABgAHiA2JcH1WsVWz4M/d=1/ct=zgms/rs=ABkqax1nSBuglH2XC_QJnbT1jp6UwdCmyQ/m=glifb,identifier_view,unknownerror_view:2832:375
c@/accounts/static/_/js/k=gaia.gaiafe_glif.en.bUS42DGeDTE.O/am=_40fMPAHRagBB4AAMwgAAAAAAABgAHiA2JcH1WsVWz4M/d=1/ct=zgms/rs=ABkqax1nSBuglH2XC_QJnbT1jp6UwdCmyQ/m=glifb,identifier_view,unknownerror_view:604:253
JLa.prototype.ha@/accounts/static/_/js/k=gaia.gaiafe_glif.en.bUS42DGeDTE.O/am=_40fMPAHRagBB4AAMwgAAAAAAABgAHiA2JcH1WsVWz4M/d=1/ct=zgms/rs=ABkqax1nSBuglH2XC_QJnbT1jp6UwdCmyQ/m=glifb,identifier_view,unknownerror_view:2825:366
f@/accounts/static/_/js/k=gaia.gaiafe_glif.en.bUS42DGeDTE.O/am=_40fMPAHRagBB4AAMwgAAAAAAABgAHiA2JcH1WsVWz4M/d=1/ct=zgms/rs=ABkqax1nSBuglH2XC_QJnbT1jp6UwdCmyQ/m=glifb,identifier_view,unknownerror_view:2799:161
trigger@/accounts/static/_/js/k=gaia.gaiafe_glif.en.bUS42DGeDTE.O/am=_40fMPAHRagBB4AAMwgAAAAAAABgAHiA2JcH1WsVWz4M/d=1/ct=zgms/rs=ABkqax1nSBuglH2XC_QJnbT1jp6UwdCmyQ/m=glifb,identifier_view,unknownerror_view:2806:134
sM.prototype.Za@/accounts/static/_/js/k=gaia.gaiafe_glif.en.bUS42DGeDTE.O/am=_40fMPAHRagBB4AAMwgAAAAAAABgAHiA2JcH1WsVWz4M/d=1/ct=zgms/rs=ABkqax1nSBuglH2XC_QJnbT1jp6UwdCmyQ/m=glifb,identifier_view,unknownerror_view:2828:436
_.st@/accounts/static/_/js/k=gaia.gaiafe_glif.en.bUS42DGeDTE.O/am=_40fMPAHRagBB4AAMwgAAAAAAABgAHiA2JcH1WsVWz4M/d=1/ct=zgms/rs=ABkqax1nSBuglH2XC_QJnbT1jp6UwdCmyQ/m=glifb,identifier_view,unknownerror_view:716:471
_.h.Za@/accounts/static/_/js/k=gaia.gaiafe_glif.en.bUS42DGeDTE.O/am=_40fMPAHRagBB4AAMwgAAAAAAABgAHiA2JcH1WsVWz4M/d=1/ct=zgms/rs=ABkqax1nSBuglH2XC_QJnbT1jp6UwdCmyQ/m=glifb,identifier_view,unknownerror_view:764:447
_.h.Il@/accounts/static/_/js/k=gaia.gaiafe_glif.en.bUS42DGeDTE.O/am=_40fMPAHRagBB4AAMwgAAAAAAABgAHiA2JcH1WsVWz4M/d=1/ct=zgms/rs=ABkqax1nSBuglH2XC_QJnbT1jp6UwdCmyQ/m=glifb,identifier_view,unknownerror_view:2581:281
XLa/<@/accounts/static/_/js/k=gaia.gaiafe_glif.en.bUS42DGeDTE.O/am=_40fMPAHRagBB4AAMwgAAAAAAABgAHiA2JcH1WsVWz4M/d=1/ct=zgms/rs=ABkqax1nSBuglH2XC_QJnbT1jp6UwdCmyQ/m=glifb,identifier_view,unknownerror_view:2836:74
oga@/accounts/static/_/js/k=gaia.gaiafe_glif.en.bUS42DGeDTE.O/am=_40fMPAHRagBB4AAMwgAAAAAAABgAHiA2JcH1WsVWz4M/d=1/ct=zgms/rs=ABkqax1nSBuglH2XC_QJnbT1jp6UwdCmyQ/m=glifb,identifier_view,unknownerror_view:375:246
_.Pm@/accounts/static/_/js/k=gaia.gaiafe_glif.en.bUS42DGeDTE.O/am=_40fMPAHRagBB4AAMwgAAAAAAABgAHiA2JcH1WsVWz4M/d=1/ct=zgms/rs=ABkqax1nSBuglH2XC_QJnbT1jp6UwdCmyQ/m=glifb,identifier_view,unknownerror_view:373:49
_.Qm@/accounts/static/_/js/k=gaia.gaiafe_glif.en.bUS42DGeDTE.O/am=_40fMPAHRagBB4AAMwgAAAAAAABgAHiA2JcH1WsVWz4M/d=1/ct=zgms/rs=ABkqax1nSBuglH2XC_QJnbT1jp6UwdCmyQ/m=glifb,identifier_view,unknownerror_view:372:260
XLa@/accounts/static/_/js/k=gaia.gaiafe_glif.en.bUS42DGeDTE.O/am=_40fMPAHRagBB4AAMwgAAAAAAABgAHiA2JcH1WsVWz4M/d=1/ct=zgms/rs=ABkqax1nSBuglH2XC_QJnbT1jp6UwdCmyQ/m=glifb,identifier_view,unknownerror_view:2836:50
ULa/<@/accounts/static/_/js/k=gaia.gaiafe_glif.en.bUS42DGeDTE.O/am=_40fMPAHRagBB4AAMwgAAAAAAABgAHiA2JcH1WsVWz4M/d=1/ct=zgms/rs=ABkqax1nSBuglH2XC_QJnbT1jp6UwdCmyQ/m=glifb,identifier_view,unknownerror_view:2835:158
oga@/accounts/static/_/js/k=gaia.gaiafe_glif.en.bUS42DGeDTE.O/am=_40fMPAHRagBB4AAMwgAAAAAAABgAHiA2JcH1WsVWz4M/d=1/ct=zgms/rs=ABkqax1nSBuglH2XC_QJnbT1jp6UwdCmyQ/m=glifb,identifier_view,unknownerror_view:375:246
_.Pm@/accounts/static/_/js/k=gaia.gaiafe_glif.en.bUS42DGeDTE.O/am=_40fMPAHRagBB4AAMwgAAAAAAABgAHiA2JcH1WsVWz4M/d=1/ct=zgms/rs=ABkqax1nSBuglH2XC_QJnbT1jp6UwdCmyQ/m=glifb,identifier_view,unknownerror_view:373:49
_.Qm@/accounts/static/_/js/k=gaia.gaiafe_glif.en.bUS42DGeDTE.O/am=_40fMPAHRagBB4AAMwgAAAAAAABgAHiA2JcH1WsVWz4M/d=1/ct=zgms/rs=ABkqax1nSBuglH2XC_QJnbT1jp6UwdCmyQ/m=glifb,identifier_view,unknownerror_view:372:260
ULa@/accounts/static/_/js/k=gaia.gaiafe_glif.en.bUS42DGeDTE.O/am=_40fMPAHRagBB4AAMwgAAAAAAABgAHiA2JcH1WsVWz4M/d=1/ct=zgms/rs=ABkqax1nSBuglH2XC_QJnbT1jp6UwdCmyQ/m=glifb,identifier_view,unknownerror_view:2835:134
QLa/<@/accounts/static/_/js/k=gaia.gaiafe_glif.en.bUS42DGeDTE.O/am=_40fMPAHRagBB4AAMwgAAAAAAABgAHiA2JcH1WsVWz4M/d=1/ct=zgms/rs=ABkqax1nSBuglH2XC_QJnbT1jp6UwdCmyQ/m=glifb,identifier_view,unknownerror_view:2833:442
oga@/accounts/static/_/js/k=gaia.gaiafe_glif.en.bUS42DGeDTE.O/am=_40fMPAHRagBB4AAMwgAAAAAAABgAHiA2JcH1WsVWz4M/d=1/ct=zgms/rs=ABkqax1nSBuglH2XC_QJnbT1jp6UwdCmyQ/m=glifb,identifier_view,unknownerror_view:375:246
_.Pm@/accounts/static/_/js/k=gaia.gaiafe_glif.en.bUS42DGeDTE.O/am=_40fMPAHRagBB4AAMwgAAAAAAABgAHiA2JcH1WsVWz4M/d=1/ct=zgms/rs=ABkqax1nSBuglH2XC_QJnbT1jp6UwdCmyQ/m=glifb,identifier_view,unknownerror_view:373:49
_.Qm@/accounts/static/_/js/k=gaia.gaiafe_glif.en.bUS42DGeDTE.O/am=_40fMPAHRagBB4AAMwgAAAAAAABgAHiA2JcH1WsVWz4M/d=1/ct=zgms/rs=ABkqax1nSBuglH2XC_QJnbT1jp6UwdCmyQ/m=glifb,identifier_view,unknownerror_view:372:260
QLa@/accounts/static/_/js/k=gaia.gaiafe_glif.en.bUS42DGeDTE.O/am=_40fMPAHRagBB4AAMwgAAAAAAABgAHiA2JcH1WsVWz4M/d=1/ct=zgms/rs=ABkqax1nSBuglH2XC_QJnbT1jp6UwdCmyQ/m=glifb,identifier_view,unknownerror_view:2833:419
sM.prototype.Qa@/accounts/static/_/js/k=gaia.gaiafe_glif.en.bUS42DGeDTE.O/am=_40fMPAHRagBB4AAMwgAAAAAAABgAHiA2JcH1WsVWz4M/d=1/ct=zgms/rs=ABkqax1nSBuglH2XC_QJnbT1jp6UwdCmyQ/m=glifb,identifier_view,unknownerror_view:2832:375
c@/accounts/static/_/js/k=gaia.gaiafe_glif.en.bUS42DGeDTE.O/am=_40fMPAHRagBB4AAMwgAAAAAAABgAHiA2JcH1WsVWz4M/d=1/ct=zgms/rs=ABkqax1nSBuglH2XC_QJnbT1jp6UwdCmyQ/m=glifb,identifier_view,unknownerror_view:604:253
JLa.prototype.ha@/accounts/static/_/js/k=gaia.gaiafe_glif.en.bUS42DGeDTE.O/am=_40fMPAHRagBB4AAMwgAAAAAAABgAHiA2JcH1WsVWz4M/d=1/ct=zgms/rs=ABkqax1nSBuglH2XC_QJnbT1jp6UwdCmyQ/m=glifb,identifier_view,unknownerror_view:2825:366
f@/accounts/static/_/js/k=gaia.gaiafe_glif.en.bUS42DGeDTE.O/am=_40fMPAHRagBB4AAMwgAAAAAAABgAHiA2JcH1WsVWz4M/d=1/ct=zgms/rs=ABkqax1nSBuglH2XC_QJnbT1jp6UwdCmyQ/m=glifb,identifier_view,unknownerror_view:2799:161

JavaScript error: https://cdn.sstatic.net/Js/stub.en.js?v=55428cbfec70, line 1: ReferenceError: $ is not defined
JavaScript error: https://stackoverflow.com/questions/61216553/tclerror-couldnt-connect-to-display-0-0, line 43: TypeError: StackExchange.ready is not a function
JavaScript error: https://cdn.sstatic.net/Js/stub.en.js?v=55428cbfec70, line 1: ReferenceError: $ is not defined
JavaScript error: https://stackoverflow.com/questions/61216553/tclerror-couldnt-connect-to-display-0-0, line 318: TypeError: StackExchange.ready is not a function
JavaScript error: https://stackoverflow.com/questions/61216553/tclerror-couldnt-connect-to-display-0-0, line 751: TypeError: StackExchange.ifUsing is not a function
JavaScript error: https://stackoverflow.com/questions/61216553/tclerror-couldnt-connect-to-display-0-0, line 762: TypeError: StackExchange.ready is not a function
JavaScript error: https://stackoverflow.com/questions/61216553/tclerror-couldnt-connect-to-display-0-0, line 859: TypeError: StackExchange.ready is not a function
JavaScript error: https://stackoverflow.com/questions/61216553/tclerror-couldnt-connect-to-display-0-0, line 904: TypeError: StackExchange.ready is not a function
JavaScript error: https://stackoverflow.com/questions/61216553/tclerror-couldnt-connect-to-display-0-0, line 1256: TypeError: StackExchange.ready is not a function
JavaScript error: https://stackoverflow.com/questions/61216553/tclerror-couldnt-connect-to-display-0-0, line 1278: TypeError: StackExchange.ready is not a function
JavaScript error: https://stackoverflow.com/questions/61216553/tclerror-couldnt-connect-to-display-0-0, line 1520: TypeError: StackExchange.ready is not a function
JavaScript error: https://stackoverflow.com/questions/61216553/tclerror-couldnt-connect-to-display-0-0, line 1533: TypeError: StackExchange.ready is not a function
JavaScript warning: https://cdn.sstatic.net/Js/stub.en.js?v=55428cbfec70, line 2: Script terminated by timeout at:
jQuery.cookie@https://cdn.sstatic.net/Js/stub.en.js?v=55428cbfec70:2:11151
StackExchange.responsiveness.addSwitcher@https://cdn.sstatic.net/Js/full.en.js?v=7e11ff57cbd3:4:9540
@https://stackoverflow.com/:4582:64
i@https://ajax.googleapis.com/ajax/libs/jquery/1.12.4/jquery.min.js:2:27449
fireWith@https://ajax.googleapis.com/ajax/libs/jquery/1.12.4/jquery.min.js:2:28213
Deferred/</e[f[0]]@https://ajax.googleapis.com/ajax/libs/jquery/1.12.4/jquery.min.js:2:29192
r/<@https://cdn.sstatic.net/Js/stub.en.js?v=55428cbfec70:1:6100
y/<@https://cdn.sstatic.net/Js/stub.en.js?v=55428cbfec70:1:12046
i@https://ajax.googleapis.com/ajax/libs/jquery/1.12.4/jquery.min.js:2:27449
fireWith@https://ajax.googleapis.com/ajax/libs/jquery/1.12.4/jquery.min.js:2:28213
Deferred/</e[f[0]]@https://ajax.googleapis.com/ajax/libs/jquery/1.12.4/jquery.min.js:2:29192
n/<@https://cdn.sstatic.net/Js/stub.en.js?v=55428cbfec70:1:11264
i@https://ajax.googleapis.com/ajax/libs/jquery/1.12.4/jquery.min.js:2:27449
add@https://ajax.googleapis.com/ajax/libs/jquery/1.12.4/jquery.min.js:2:27748
n@https://cdn.sstatic.net/Js/stub.en.js?v=55428cbfec70:1:11246
i@https://ajax.googleapis.com/ajax/libs/jquery/1.12.4/jquery.min.js:2:27449
fireWith@https://ajax.googleapis.com/ajax/libs/jquery/1.12.4/jquery.min.js:2:28213
Deferred/</e[f[0]]@https://ajax.googleapis.com/ajax/libs/jquery/1.12.4/jquery.min.js:2:29192
f/r.onreadystatechange@https://cdn.sstatic.net/Js/stub.en.js?v=55428cbfec70:1:10656

IPDL protocol error: Handler returned error code!

###!!! [Parent][DispatchAsyncMessage] Error: PLayerTransaction::Msg_ReleaseLayer Processing error: message was deserialized, but the handler returned false (indicating failure)

IPDL protocol error: Handler returned error code!

###!!! [Parent][DispatchAsyncMessage] Error: PMessagePort::Msg_PostMessages Processing error: message was deserialized, but the handler returned false (indicating failure)

1601991816719	Marionette	INFO	Stopped listening on port 35831
